ARM GAS  C:\Users\User1\AppData\Local\Temp\ccxNL8E3.s 			page 1


   1              		.cpu cortex-m4
   2              		.arch armv7e-m
   3              		.fpu fpv4-sp-d16
   4              		.eabi_attribute 27, 1
   5              		.eabi_attribute 28, 1
   6              		.eabi_attribute 20, 1
   7              		.eabi_attribute 21, 1
   8              		.eabi_attribute 23, 3
   9              		.eabi_attribute 24, 1
  10              		.eabi_attribute 25, 1
  11              		.eabi_attribute 26, 1
  12              		.eabi_attribute 30, 1
  13              		.eabi_attribute 34, 1
  14              		.eabi_attribute 18, 4
  15              		.file	"app_azure_rtos.c"
  16              		.text
  17              	.Ltext0:
  18              		.cfi_sections	.debug_frame
  19              		.section	.rodata.tx_application_define.str1.4,"aMS",%progbits,1
  20              		.align	2
  21              	.LC0:
  22 0000 54782041 		.ascii	"Tx App memory pool\000"
  22      7070206D 
  22      656D6F72 
  22      7920706F 
  22      6F6C00
  23              		.section	.text.tx_application_define,"ax",%progbits
  24              		.align	1
  25              		.global	tx_application_define
  26              		.syntax unified
  27              		.thumb
  28              		.thumb_func
  30              	tx_application_define:
  31              	.LVL0:
  32              	.LFB8:
  33              		.file 1 "AZURE_RTOS/App/app_azure_rtos.c"
   1:AZURE_RTOS/App/app_azure_rtos.c **** 
   2:AZURE_RTOS/App/app_azure_rtos.c **** /* USER CODE BEGIN Header */
   3:AZURE_RTOS/App/app_azure_rtos.c **** /**
   4:AZURE_RTOS/App/app_azure_rtos.c ****   ******************************************************************************
   5:AZURE_RTOS/App/app_azure_rtos.c ****   * @file    app_azure_rtos.c
   6:AZURE_RTOS/App/app_azure_rtos.c ****   * @author  MCD Application Team
   7:AZURE_RTOS/App/app_azure_rtos.c ****   * @brief   azure_rtos application implementation file
   8:AZURE_RTOS/App/app_azure_rtos.c ****   ******************************************************************************
   9:AZURE_RTOS/App/app_azure_rtos.c ****   * @attention
  10:AZURE_RTOS/App/app_azure_rtos.c ****   *
  11:AZURE_RTOS/App/app_azure_rtos.c ****   * Copyright (c) 2021 STMicroelectronics.
  12:AZURE_RTOS/App/app_azure_rtos.c ****   * All rights reserved.
  13:AZURE_RTOS/App/app_azure_rtos.c ****   *
  14:AZURE_RTOS/App/app_azure_rtos.c ****   * This software is licensed under terms that can be found in the LICENSE file
  15:AZURE_RTOS/App/app_azure_rtos.c ****   * in the root directory of this software component.
  16:AZURE_RTOS/App/app_azure_rtos.c ****   * If no LICENSE file comes with this software, it is provided AS-IS.
  17:AZURE_RTOS/App/app_azure_rtos.c ****   *
  18:AZURE_RTOS/App/app_azure_rtos.c ****   ******************************************************************************
  19:AZURE_RTOS/App/app_azure_rtos.c ****   */
  20:AZURE_RTOS/App/app_azure_rtos.c **** /* USER CODE END Header */
  21:AZURE_RTOS/App/app_azure_rtos.c **** 
ARM GAS  C:\Users\User1\AppData\Local\Temp\ccxNL8E3.s 			page 2


  22:AZURE_RTOS/App/app_azure_rtos.c **** /* Includes ------------------------------------------------------------------*/
  23:AZURE_RTOS/App/app_azure_rtos.c **** 
  24:AZURE_RTOS/App/app_azure_rtos.c **** #include "app_azure_rtos.h"
  25:AZURE_RTOS/App/app_azure_rtos.c **** 
  26:AZURE_RTOS/App/app_azure_rtos.c **** /* Private includes ----------------------------------------------------------*/
  27:AZURE_RTOS/App/app_azure_rtos.c **** /* USER CODE BEGIN Includes */
  28:AZURE_RTOS/App/app_azure_rtos.c **** 
  29:AZURE_RTOS/App/app_azure_rtos.c **** /* USER CODE END Includes */
  30:AZURE_RTOS/App/app_azure_rtos.c **** 
  31:AZURE_RTOS/App/app_azure_rtos.c **** /* Private typedef -----------------------------------------------------------*/
  32:AZURE_RTOS/App/app_azure_rtos.c **** /* USER CODE BEGIN PTD */
  33:AZURE_RTOS/App/app_azure_rtos.c **** 
  34:AZURE_RTOS/App/app_azure_rtos.c **** /* USER CODE END PTD */
  35:AZURE_RTOS/App/app_azure_rtos.c **** 
  36:AZURE_RTOS/App/app_azure_rtos.c **** /* Private define ------------------------------------------------------------*/
  37:AZURE_RTOS/App/app_azure_rtos.c **** /* USER CODE BEGIN PD */
  38:AZURE_RTOS/App/app_azure_rtos.c **** 
  39:AZURE_RTOS/App/app_azure_rtos.c **** /* USER CODE END PD */
  40:AZURE_RTOS/App/app_azure_rtos.c **** 
  41:AZURE_RTOS/App/app_azure_rtos.c **** /* Private macro -------------------------------------------------------------*/
  42:AZURE_RTOS/App/app_azure_rtos.c **** /* USER CODE BEGIN PM */
  43:AZURE_RTOS/App/app_azure_rtos.c **** 
  44:AZURE_RTOS/App/app_azure_rtos.c **** /* USER CODE END PM */
  45:AZURE_RTOS/App/app_azure_rtos.c **** 
  46:AZURE_RTOS/App/app_azure_rtos.c **** /* Private variables ---------------------------------------------------------*/
  47:AZURE_RTOS/App/app_azure_rtos.c **** /* USER CODE BEGIN TX_Pool_Buffer */
  48:AZURE_RTOS/App/app_azure_rtos.c **** /* USER CODE END TX_Pool_Buffer */
  49:AZURE_RTOS/App/app_azure_rtos.c **** static UCHAR tx_byte_pool_buffer[TX_APP_MEM_POOL_SIZE];
  50:AZURE_RTOS/App/app_azure_rtos.c **** static TX_BYTE_POOL tx_app_byte_pool;
  51:AZURE_RTOS/App/app_azure_rtos.c **** 
  52:AZURE_RTOS/App/app_azure_rtos.c **** /* USER CODE BEGIN PV */
  53:AZURE_RTOS/App/app_azure_rtos.c **** 
  54:AZURE_RTOS/App/app_azure_rtos.c **** /* USER CODE END PV */
  55:AZURE_RTOS/App/app_azure_rtos.c **** 
  56:AZURE_RTOS/App/app_azure_rtos.c **** /* Private function prototypes -----------------------------------------------*/
  57:AZURE_RTOS/App/app_azure_rtos.c **** /* USER CODE BEGIN PFP */
  58:AZURE_RTOS/App/app_azure_rtos.c **** 
  59:AZURE_RTOS/App/app_azure_rtos.c **** /* USER CODE END PFP */
  60:AZURE_RTOS/App/app_azure_rtos.c **** 
  61:AZURE_RTOS/App/app_azure_rtos.c **** /**
  62:AZURE_RTOS/App/app_azure_rtos.c ****   * @brief  Define the initial system.
  63:AZURE_RTOS/App/app_azure_rtos.c ****   * @param  first_unused_memory : Pointer to the first unused memory
  64:AZURE_RTOS/App/app_azure_rtos.c ****   * @retval None
  65:AZURE_RTOS/App/app_azure_rtos.c ****   */
  66:AZURE_RTOS/App/app_azure_rtos.c **** VOID tx_application_define(VOID *first_unused_memory)
  67:AZURE_RTOS/App/app_azure_rtos.c **** {
  34              		.loc 1 67 1 view -0
  35              		.cfi_startproc
  36              		@ args = 0, pretend = 0, frame = 0
  37              		@ frame_needed = 0, uses_anonymous_args = 0
  38              		.loc 1 67 1 is_stmt 0 view .LVU1
  39 0000 00B5     		push	{lr}
  40              	.LCFI0:
  41              		.cfi_def_cfa_offset 4
  42              		.cfi_offset 14, -4
  43 0002 83B0     		sub	sp, sp, #12
  44              	.LCFI1:
ARM GAS  C:\Users\User1\AppData\Local\Temp\ccxNL8E3.s 			page 3


  45              		.cfi_def_cfa_offset 16
  68:AZURE_RTOS/App/app_azure_rtos.c ****   /* USER CODE BEGIN  tx_application_define */
  69:AZURE_RTOS/App/app_azure_rtos.c **** 
  70:AZURE_RTOS/App/app_azure_rtos.c ****   /* USER CODE END  tx_application_define */
  71:AZURE_RTOS/App/app_azure_rtos.c **** 
  72:AZURE_RTOS/App/app_azure_rtos.c ****   VOID *memory_ptr;
  46              		.loc 1 72 3 is_stmt 1 view .LVU2
  73:AZURE_RTOS/App/app_azure_rtos.c **** 
  74:AZURE_RTOS/App/app_azure_rtos.c ****   if (tx_byte_pool_create(&tx_app_byte_pool, "Tx App memory pool", tx_byte_pool_buffer, TX_APP_MEM_
  47              		.loc 1 74 3 view .LVU3
  48              		.loc 1 74 7 is_stmt 0 view .LVU4
  49 0004 3423     		movs	r3, #52
  50 0006 0093     		str	r3, [sp]
  51 0008 4FF48063 		mov	r3, #1024
  52 000c 064A     		ldr	r2, .L5
  53 000e 0749     		ldr	r1, .L5+4
  54 0010 0748     		ldr	r0, .L5+8
  55              	.LVL1:
  56              		.loc 1 74 7 view .LVU5
  57 0012 FFF7FEFF 		bl	_txe_byte_pool_create
  58              	.LVL2:
  59              		.loc 1 74 6 view .LVU6
  60 0016 10B1     		cbz	r0, .L4
  61              	.L1:
  75:AZURE_RTOS/App/app_azure_rtos.c ****   {
  76:AZURE_RTOS/App/app_azure_rtos.c ****     /* USER CODE BEGIN TX_Byte_Pool_Error */
  77:AZURE_RTOS/App/app_azure_rtos.c **** 
  78:AZURE_RTOS/App/app_azure_rtos.c ****     /* USER CODE END TX_Byte_Pool_Error */
  79:AZURE_RTOS/App/app_azure_rtos.c ****   }
  80:AZURE_RTOS/App/app_azure_rtos.c ****   else
  81:AZURE_RTOS/App/app_azure_rtos.c ****   {
  82:AZURE_RTOS/App/app_azure_rtos.c ****     /* USER CODE BEGIN TX_Byte_Pool_Success */
  83:AZURE_RTOS/App/app_azure_rtos.c **** 
  84:AZURE_RTOS/App/app_azure_rtos.c ****     /* USER CODE END TX_Byte_Pool_Success */
  85:AZURE_RTOS/App/app_azure_rtos.c **** 
  86:AZURE_RTOS/App/app_azure_rtos.c ****     memory_ptr = (VOID *)&tx_app_byte_pool;
  87:AZURE_RTOS/App/app_azure_rtos.c **** 
  88:AZURE_RTOS/App/app_azure_rtos.c ****     if (App_ThreadX_Init(memory_ptr) != TX_SUCCESS)
  89:AZURE_RTOS/App/app_azure_rtos.c ****     {
  90:AZURE_RTOS/App/app_azure_rtos.c ****       /* USER CODE BEGIN  App_ThreadX_Init_Error */
  91:AZURE_RTOS/App/app_azure_rtos.c **** 
  92:AZURE_RTOS/App/app_azure_rtos.c ****       /* USER CODE END  App_ThreadX_Init_Error */
  93:AZURE_RTOS/App/app_azure_rtos.c ****     }
  94:AZURE_RTOS/App/app_azure_rtos.c **** 
  95:AZURE_RTOS/App/app_azure_rtos.c ****     /* USER CODE BEGIN  App_ThreadX_Init_Success */
  96:AZURE_RTOS/App/app_azure_rtos.c **** 
  97:AZURE_RTOS/App/app_azure_rtos.c ****     /* USER CODE END  App_ThreadX_Init_Success */
  98:AZURE_RTOS/App/app_azure_rtos.c **** 
  99:AZURE_RTOS/App/app_azure_rtos.c ****   }
 100:AZURE_RTOS/App/app_azure_rtos.c **** 
 101:AZURE_RTOS/App/app_azure_rtos.c **** }
  62              		.loc 1 101 1 view .LVU7
  63 0018 03B0     		add	sp, sp, #12
  64              	.LCFI2:
  65              		.cfi_remember_state
  66              		.cfi_def_cfa_offset 4
  67              		@ sp needed
ARM GAS  C:\Users\User1\AppData\Local\Temp\ccxNL8E3.s 			page 4


  68 001a 5DF804FB 		ldr	pc, [sp], #4
  69              	.L4:
  70              	.LCFI3:
  71              		.cfi_restore_state
  86:AZURE_RTOS/App/app_azure_rtos.c **** 
  72              		.loc 1 86 5 is_stmt 1 view .LVU8
  73              	.LVL3:
  88:AZURE_RTOS/App/app_azure_rtos.c ****     {
  74              		.loc 1 88 5 view .LVU9
  88:AZURE_RTOS/App/app_azure_rtos.c ****     {
  75              		.loc 1 88 9 is_stmt 0 view .LVU10
  76 001e 0448     		ldr	r0, .L5+8
  77 0020 FFF7FEFF 		bl	App_ThreadX_Init
  78              	.LVL4:
  93:AZURE_RTOS/App/app_azure_rtos.c **** 
  79              		.loc 1 93 5 is_stmt 1 view .LVU11
  80              		.loc 1 101 1 is_stmt 0 view .LVU12
  81 0024 F8E7     		b	.L1
  82              	.L6:
  83 0026 00BF     		.align	2
  84              	.L5:
  85 0028 00000000 		.word	.LANCHOR0
  86 002c 00000000 		.word	.LC0
  87 0030 00000000 		.word	.LANCHOR1
  88              		.cfi_endproc
  89              	.LFE8:
  91              		.section	.bss.tx_app_byte_pool,"aw",%nobits
  92              		.align	2
  93              		.set	.LANCHOR1,. + 0
  96              	tx_app_byte_pool:
  97 0000 00000000 		.space	52
  97      00000000 
  97      00000000 
  97      00000000 
  97      00000000 
  98              		.section	.bss.tx_byte_pool_buffer,"aw",%nobits
  99              		.align	2
 100              		.set	.LANCHOR0,. + 0
 103              	tx_byte_pool_buffer:
 104 0000 00000000 		.space	1024
 104      00000000 
 104      00000000 
 104      00000000 
 104      00000000 
 105              		.text
 106              	.Letext0:
 107              		.file 2 "Middlewares/ST/threadx/ports/cortex_m4/gnu/inc/tx_port.h"
 108              		.file 3 "Middlewares/ST/threadx/common/inc/tx_api.h"
 109              		.file 4 "Core/Inc/app_threadx.h"
ARM GAS  C:\Users\User1\AppData\Local\Temp\ccxNL8E3.s 			page 5


DEFINED SYMBOLS
                            *ABS*:00000000 app_azure_rtos.c
C:\Users\User1\AppData\Local\Temp\ccxNL8E3.s:20     .rodata.tx_application_define.str1.4:00000000 $d
C:\Users\User1\AppData\Local\Temp\ccxNL8E3.s:24     .text.tx_application_define:00000000 $t
C:\Users\User1\AppData\Local\Temp\ccxNL8E3.s:30     .text.tx_application_define:00000000 tx_application_define
C:\Users\User1\AppData\Local\Temp\ccxNL8E3.s:85     .text.tx_application_define:00000028 $d
C:\Users\User1\AppData\Local\Temp\ccxNL8E3.s:92     .bss.tx_app_byte_pool:00000000 $d
C:\Users\User1\AppData\Local\Temp\ccxNL8E3.s:96     .bss.tx_app_byte_pool:00000000 tx_app_byte_pool
C:\Users\User1\AppData\Local\Temp\ccxNL8E3.s:99     .bss.tx_byte_pool_buffer:00000000 $d
C:\Users\User1\AppData\Local\Temp\ccxNL8E3.s:103    .bss.tx_byte_pool_buffer:00000000 tx_byte_pool_buffer

UNDEFINED SYMBOLS
_txe_byte_pool_create
App_ThreadX_Init
