ARM GAS  C:\Users\User1\AppData\Local\Temp\cci24Qbi.s 			page 1


   1              		.cpu cortex-m4
   2              		.arch armv7e-m
   3              		.fpu fpv4-sp-d16
   4              		.eabi_attribute 27, 1
   5              		.eabi_attribute 28, 1
   6              		.eabi_attribute 20, 1
   7              		.eabi_attribute 21, 1
   8              		.eabi_attribute 23, 3
   9              		.eabi_attribute 24, 1
  10              		.eabi_attribute 25, 1
  11              		.eabi_attribute 26, 1
  12              		.eabi_attribute 30, 1
  13              		.eabi_attribute 34, 1
  14              		.eabi_attribute 18, 4
  15              		.file	"main.c"
  16              		.text
  17              	.Ltext0:
  18              		.cfi_sections	.debug_frame
  19              		.section	.text.HAL_TIM_PeriodElapsedCallback,"ax",%progbits
  20              		.align	1
  21              		.global	HAL_TIM_PeriodElapsedCallback
  22              		.syntax unified
  23              		.thumb
  24              		.thumb_func
  26              	HAL_TIM_PeriodElapsedCallback:
  27              	.LVL0:
  28              	.LFB140:
  29              		.file 1 "Core/Src/main.c"
   1:Core/Src/main.c **** /* USER CODE BEGIN Header */
   2:Core/Src/main.c **** /**
   3:Core/Src/main.c ****   ******************************************************************************
   4:Core/Src/main.c ****   * @file           : main.c
   5:Core/Src/main.c ****   * @brief          : Main program body
   6:Core/Src/main.c ****   ******************************************************************************
   7:Core/Src/main.c ****   * @attention
   8:Core/Src/main.c ****   *
   9:Core/Src/main.c ****   * Copyright (c) 2023 STMicroelectronics.
  10:Core/Src/main.c ****   * All rights reserved.
  11:Core/Src/main.c ****   *
  12:Core/Src/main.c ****   * This software is licensed under terms that can be found in the LICENSE file
  13:Core/Src/main.c ****   * in the root directory of this software component.
  14:Core/Src/main.c ****   * If no LICENSE file comes with this software, it is provided AS-IS.
  15:Core/Src/main.c ****   *
  16:Core/Src/main.c ****   ******************************************************************************
  17:Core/Src/main.c ****   */
  18:Core/Src/main.c **** /* USER CODE END Header */
  19:Core/Src/main.c **** /* Includes ------------------------------------------------------------------*/
  20:Core/Src/main.c **** #include "main.h"
  21:Core/Src/main.c **** #include "app_threadx.h"
  22:Core/Src/main.c **** #include "gpio.h"
  23:Core/Src/main.c **** 
  24:Core/Src/main.c **** /* Private includes ----------------------------------------------------------*/
  25:Core/Src/main.c **** /* USER CODE BEGIN Includes */
  26:Core/Src/main.c **** 
  27:Core/Src/main.c **** /* USER CODE END Includes */
  28:Core/Src/main.c **** 
  29:Core/Src/main.c **** /* Private typedef -----------------------------------------------------------*/
ARM GAS  C:\Users\User1\AppData\Local\Temp\cci24Qbi.s 			page 2


  30:Core/Src/main.c **** /* USER CODE BEGIN PTD */
  31:Core/Src/main.c **** 
  32:Core/Src/main.c **** /* USER CODE END PTD */
  33:Core/Src/main.c **** 
  34:Core/Src/main.c **** /* Private define ------------------------------------------------------------*/
  35:Core/Src/main.c **** /* USER CODE BEGIN PD */
  36:Core/Src/main.c **** /* USER CODE END PD */
  37:Core/Src/main.c **** 
  38:Core/Src/main.c **** /* Private macro -------------------------------------------------------------*/
  39:Core/Src/main.c **** /* USER CODE BEGIN PM */
  40:Core/Src/main.c **** 
  41:Core/Src/main.c **** /* USER CODE END PM */
  42:Core/Src/main.c **** 
  43:Core/Src/main.c **** /* Private variables ---------------------------------------------------------*/
  44:Core/Src/main.c **** 
  45:Core/Src/main.c **** /* USER CODE BEGIN PV */
  46:Core/Src/main.c **** 
  47:Core/Src/main.c **** /* USER CODE END PV */
  48:Core/Src/main.c **** 
  49:Core/Src/main.c **** /* Private function prototypes -----------------------------------------------*/
  50:Core/Src/main.c **** void SystemClock_Config(void);
  51:Core/Src/main.c **** /* USER CODE BEGIN PFP */
  52:Core/Src/main.c **** 
  53:Core/Src/main.c **** /* USER CODE END PFP */
  54:Core/Src/main.c **** 
  55:Core/Src/main.c **** /* Private user code ---------------------------------------------------------*/
  56:Core/Src/main.c **** /* USER CODE BEGIN 0 */
  57:Core/Src/main.c **** 
  58:Core/Src/main.c **** /* USER CODE END 0 */
  59:Core/Src/main.c **** 
  60:Core/Src/main.c **** /**
  61:Core/Src/main.c ****   * @brief  The application entry point.
  62:Core/Src/main.c ****   * @retval int
  63:Core/Src/main.c ****   */
  64:Core/Src/main.c **** int main(void)
  65:Core/Src/main.c **** {
  66:Core/Src/main.c ****   /* USER CODE BEGIN 1 */
  67:Core/Src/main.c **** 
  68:Core/Src/main.c ****   /* USER CODE END 1 */
  69:Core/Src/main.c **** 
  70:Core/Src/main.c ****   /* MCU Configuration--------------------------------------------------------*/
  71:Core/Src/main.c **** 
  72:Core/Src/main.c ****   /* Reset of all peripherals, Initializes the Flash interface and the Systick. */
  73:Core/Src/main.c ****   HAL_Init();
  74:Core/Src/main.c **** 
  75:Core/Src/main.c ****   /* USER CODE BEGIN Init */
  76:Core/Src/main.c **** 
  77:Core/Src/main.c ****   /* USER CODE END Init */
  78:Core/Src/main.c **** 
  79:Core/Src/main.c ****   /* Configure the system clock */
  80:Core/Src/main.c ****   SystemClock_Config();
  81:Core/Src/main.c **** 
  82:Core/Src/main.c ****   /* USER CODE BEGIN SysInit */
  83:Core/Src/main.c **** 
  84:Core/Src/main.c ****   /* USER CODE END SysInit */
  85:Core/Src/main.c **** 
  86:Core/Src/main.c ****   /* Initialize all configured peripherals */
ARM GAS  C:\Users\User1\AppData\Local\Temp\cci24Qbi.s 			page 3


  87:Core/Src/main.c ****   MX_GPIO_Init();
  88:Core/Src/main.c ****   /* USER CODE BEGIN 2 */
  89:Core/Src/main.c **** 
  90:Core/Src/main.c ****   /* USER CODE END 2 */
  91:Core/Src/main.c **** 
  92:Core/Src/main.c ****   MX_ThreadX_Init();
  93:Core/Src/main.c **** 
  94:Core/Src/main.c ****   /* We should never get here as control is now taken by the scheduler */
  95:Core/Src/main.c ****   /* Infinite loop */
  96:Core/Src/main.c ****   /* USER CODE BEGIN WHILE */
  97:Core/Src/main.c ****   while (1)
  98:Core/Src/main.c ****   {
  99:Core/Src/main.c ****     /* USER CODE END WHILE */
 100:Core/Src/main.c **** 
 101:Core/Src/main.c ****     /* USER CODE BEGIN 3 */
 102:Core/Src/main.c ****   }
 103:Core/Src/main.c ****   /* USER CODE END 3 */
 104:Core/Src/main.c **** }
 105:Core/Src/main.c **** 
 106:Core/Src/main.c **** /**
 107:Core/Src/main.c ****   * @brief System Clock Configuration
 108:Core/Src/main.c ****   * @retval None
 109:Core/Src/main.c ****   */
 110:Core/Src/main.c **** void SystemClock_Config(void)
 111:Core/Src/main.c **** {
 112:Core/Src/main.c ****   RCC_OscInitTypeDef RCC_OscInitStruct = {0};
 113:Core/Src/main.c ****   RCC_ClkInitTypeDef RCC_ClkInitStruct = {0};
 114:Core/Src/main.c **** 
 115:Core/Src/main.c ****   /** Configure the main internal regulator output voltage
 116:Core/Src/main.c ****   */
 117:Core/Src/main.c ****   __HAL_RCC_PWR_CLK_ENABLE();
 118:Core/Src/main.c ****   __HAL_PWR_VOLTAGESCALING_CONFIG(PWR_REGULATOR_VOLTAGE_SCALE3);
 119:Core/Src/main.c **** 
 120:Core/Src/main.c ****   /** Initializes the RCC Oscillators according to the specified parameters
 121:Core/Src/main.c ****   * in the RCC_OscInitTypeDef structure.
 122:Core/Src/main.c ****   */
 123:Core/Src/main.c ****   RCC_OscInitStruct.OscillatorType = RCC_OSCILLATORTYPE_HSI;
 124:Core/Src/main.c ****   RCC_OscInitStruct.HSIState = RCC_HSI_ON;
 125:Core/Src/main.c ****   RCC_OscInitStruct.HSICalibrationValue = RCC_HSICALIBRATION_DEFAULT;
 126:Core/Src/main.c ****   RCC_OscInitStruct.PLL.PLLState = RCC_PLL_ON;
 127:Core/Src/main.c ****   RCC_OscInitStruct.PLL.PLLSource = RCC_PLLSOURCE_HSI;
 128:Core/Src/main.c ****   RCC_OscInitStruct.PLL.PLLM = 16;
 129:Core/Src/main.c ****   RCC_OscInitStruct.PLL.PLLN = 336;
 130:Core/Src/main.c ****   RCC_OscInitStruct.PLL.PLLP = RCC_PLLP_DIV4;
 131:Core/Src/main.c ****   RCC_OscInitStruct.PLL.PLLQ = 2;
 132:Core/Src/main.c ****   RCC_OscInitStruct.PLL.PLLR = 2;
 133:Core/Src/main.c ****   if (HAL_RCC_OscConfig(&RCC_OscInitStruct) != HAL_OK)
 134:Core/Src/main.c ****   {
 135:Core/Src/main.c ****     Error_Handler();
 136:Core/Src/main.c ****   }
 137:Core/Src/main.c **** 
 138:Core/Src/main.c ****   /** Initializes the CPU, AHB and APB buses clocks
 139:Core/Src/main.c ****   */
 140:Core/Src/main.c ****   RCC_ClkInitStruct.ClockType = RCC_CLOCKTYPE_HCLK|RCC_CLOCKTYPE_SYSCLK
 141:Core/Src/main.c ****                               |RCC_CLOCKTYPE_PCLK1|RCC_CLOCKTYPE_PCLK2;
 142:Core/Src/main.c ****   RCC_ClkInitStruct.SYSCLKSource = RCC_SYSCLKSOURCE_PLLCLK;
 143:Core/Src/main.c ****   RCC_ClkInitStruct.AHBCLKDivider = RCC_SYSCLK_DIV1;
ARM GAS  C:\Users\User1\AppData\Local\Temp\cci24Qbi.s 			page 4


 144:Core/Src/main.c ****   RCC_ClkInitStruct.APB1CLKDivider = RCC_HCLK_DIV2;
 145:Core/Src/main.c ****   RCC_ClkInitStruct.APB2CLKDivider = RCC_HCLK_DIV1;
 146:Core/Src/main.c **** 
 147:Core/Src/main.c ****   if (HAL_RCC_ClockConfig(&RCC_ClkInitStruct, FLASH_LATENCY_2) != HAL_OK)
 148:Core/Src/main.c ****   {
 149:Core/Src/main.c ****     Error_Handler();
 150:Core/Src/main.c ****   }
 151:Core/Src/main.c **** }
 152:Core/Src/main.c **** 
 153:Core/Src/main.c **** /* USER CODE BEGIN 4 */
 154:Core/Src/main.c **** 
 155:Core/Src/main.c **** /* USER CODE END 4 */
 156:Core/Src/main.c **** 
 157:Core/Src/main.c **** /**
 158:Core/Src/main.c ****   * @brief  Period elapsed callback in non blocking mode
 159:Core/Src/main.c ****   * @note   This function is called  when TIM6 interrupt took place, inside
 160:Core/Src/main.c ****   * HAL_TIM_IRQHandler(). It makes a direct call to HAL_IncTick() to increment
 161:Core/Src/main.c ****   * a global variable "uwTick" used as application time base.
 162:Core/Src/main.c ****   * @param  htim : TIM handle
 163:Core/Src/main.c ****   * @retval None
 164:Core/Src/main.c ****   */
 165:Core/Src/main.c **** void HAL_TIM_PeriodElapsedCallback(TIM_HandleTypeDef *htim)
 166:Core/Src/main.c **** {
  30              		.loc 1 166 1 view -0
  31              		.cfi_startproc
  32              		@ args = 0, pretend = 0, frame = 0
  33              		@ frame_needed = 0, uses_anonymous_args = 0
  34              		.loc 1 166 1 is_stmt 0 view .LVU1
  35 0000 08B5     		push	{r3, lr}
  36              	.LCFI0:
  37              		.cfi_def_cfa_offset 8
  38              		.cfi_offset 3, -8
  39              		.cfi_offset 14, -4
 167:Core/Src/main.c ****   /* USER CODE BEGIN Callback 0 */
 168:Core/Src/main.c **** 
 169:Core/Src/main.c ****   /* USER CODE END Callback 0 */
 170:Core/Src/main.c ****   if (htim->Instance == TIM6) {
  40              		.loc 1 170 3 is_stmt 1 view .LVU2
  41              		.loc 1 170 11 is_stmt 0 view .LVU3
  42 0002 0268     		ldr	r2, [r0]
  43              		.loc 1 170 6 view .LVU4
  44 0004 034B     		ldr	r3, .L5
  45 0006 9A42     		cmp	r2, r3
  46 0008 00D0     		beq	.L4
  47              	.LVL1:
  48              	.L1:
 171:Core/Src/main.c ****     HAL_IncTick();
 172:Core/Src/main.c ****   }
 173:Core/Src/main.c ****   /* USER CODE BEGIN Callback 1 */
 174:Core/Src/main.c **** 
 175:Core/Src/main.c ****   /* USER CODE END Callback 1 */
 176:Core/Src/main.c **** }
  49              		.loc 1 176 1 view .LVU5
  50 000a 08BD     		pop	{r3, pc}
  51              	.LVL2:
  52              	.L4:
 171:Core/Src/main.c ****     HAL_IncTick();
ARM GAS  C:\Users\User1\AppData\Local\Temp\cci24Qbi.s 			page 5


  53              		.loc 1 171 5 is_stmt 1 view .LVU6
  54 000c FFF7FEFF 		bl	HAL_IncTick
  55              	.LVL3:
  56              		.loc 1 176 1 is_stmt 0 view .LVU7
  57 0010 FBE7     		b	.L1
  58              	.L6:
  59 0012 00BF     		.align	2
  60              	.L5:
  61 0014 00100040 		.word	1073745920
  62              		.cfi_endproc
  63              	.LFE140:
  65              		.section	.text.Error_Handler,"ax",%progbits
  66              		.align	1
  67              		.global	Error_Handler
  68              		.syntax unified
  69              		.thumb
  70              		.thumb_func
  72              	Error_Handler:
  73              	.LFB141:
 177:Core/Src/main.c **** 
 178:Core/Src/main.c **** /**
 179:Core/Src/main.c ****   * @brief  This function is executed in case of error occurrence.
 180:Core/Src/main.c ****   * @retval None
 181:Core/Src/main.c ****   */
 182:Core/Src/main.c **** void Error_Handler(void)
 183:Core/Src/main.c **** {
  74              		.loc 1 183 1 is_stmt 1 view -0
  75              		.cfi_startproc
  76              		@ Volatile: function does not return.
  77              		@ args = 0, pretend = 0, frame = 0
  78              		@ frame_needed = 0, uses_anonymous_args = 0
  79              		@ link register save eliminated.
 184:Core/Src/main.c ****   /* USER CODE BEGIN Error_Handler_Debug */
 185:Core/Src/main.c ****   /* User can add his own implementation to report the HAL error return state */
 186:Core/Src/main.c ****   __disable_irq();
  80              		.loc 1 186 3 view .LVU9
  81              	.LBB4:
  82              	.LBI4:
  83              		.file 2 "Drivers/CMSIS/Include/cmsis_gcc.h"
   1:Drivers/CMSIS/Include/cmsis_gcc.h **** /**************************************************************************//**
   2:Drivers/CMSIS/Include/cmsis_gcc.h ****  * @file     cmsis_gcc.h
   3:Drivers/CMSIS/Include/cmsis_gcc.h ****  * @brief    CMSIS compiler GCC header file
   4:Drivers/CMSIS/Include/cmsis_gcc.h ****  * @version  V5.0.4
   5:Drivers/CMSIS/Include/cmsis_gcc.h ****  * @date     09. April 2018
   6:Drivers/CMSIS/Include/cmsis_gcc.h ****  ******************************************************************************/
   7:Drivers/CMSIS/Include/cmsis_gcc.h **** /*
   8:Drivers/CMSIS/Include/cmsis_gcc.h ****  * Copyright (c) 2009-2018 Arm Limited. All rights reserved.
   9:Drivers/CMSIS/Include/cmsis_gcc.h ****  *
  10:Drivers/CMSIS/Include/cmsis_gcc.h ****  * SPDX-License-Identifier: Apache-2.0
  11:Drivers/CMSIS/Include/cmsis_gcc.h ****  *
  12:Drivers/CMSIS/Include/cmsis_gcc.h ****  * Licensed under the Apache License, Version 2.0 (the License); you may
  13:Drivers/CMSIS/Include/cmsis_gcc.h ****  * not use this file except in compliance with the License.
  14:Drivers/CMSIS/Include/cmsis_gcc.h ****  * You may obtain a copy of the License at
  15:Drivers/CMSIS/Include/cmsis_gcc.h ****  *
  16:Drivers/CMSIS/Include/cmsis_gcc.h ****  * www.apache.org/licenses/LICENSE-2.0
  17:Drivers/CMSIS/Include/cmsis_gcc.h ****  *
  18:Drivers/CMSIS/Include/cmsis_gcc.h ****  * Unless required by applicable law or agreed to in writing, software
ARM GAS  C:\Users\User1\AppData\Local\Temp\cci24Qbi.s 			page 6


  19:Drivers/CMSIS/Include/cmsis_gcc.h ****  * distributed under the License is distributed on an AS IS BASIS, WITHOUT
  20:Drivers/CMSIS/Include/cmsis_gcc.h ****  * WARRANTIES OR CONDITIONS OF ANY KIND, either express or implied.
  21:Drivers/CMSIS/Include/cmsis_gcc.h ****  * See the License for the specific language governing permissions and
  22:Drivers/CMSIS/Include/cmsis_gcc.h ****  * limitations under the License.
  23:Drivers/CMSIS/Include/cmsis_gcc.h ****  */
  24:Drivers/CMSIS/Include/cmsis_gcc.h **** 
  25:Drivers/CMSIS/Include/cmsis_gcc.h **** #ifndef __CMSIS_GCC_H
  26:Drivers/CMSIS/Include/cmsis_gcc.h **** #define __CMSIS_GCC_H
  27:Drivers/CMSIS/Include/cmsis_gcc.h **** 
  28:Drivers/CMSIS/Include/cmsis_gcc.h **** /* ignore some GCC warnings */
  29:Drivers/CMSIS/Include/cmsis_gcc.h **** #pragma GCC diagnostic push
  30:Drivers/CMSIS/Include/cmsis_gcc.h **** #pragma GCC diagnostic ignored "-Wsign-conversion"
  31:Drivers/CMSIS/Include/cmsis_gcc.h **** #pragma GCC diagnostic ignored "-Wconversion"
  32:Drivers/CMSIS/Include/cmsis_gcc.h **** #pragma GCC diagnostic ignored "-Wunused-parameter"
  33:Drivers/CMSIS/Include/cmsis_gcc.h **** 
  34:Drivers/CMSIS/Include/cmsis_gcc.h **** /* Fallback for __has_builtin */
  35:Drivers/CMSIS/Include/cmsis_gcc.h **** #ifndef __has_builtin
  36:Drivers/CMSIS/Include/cmsis_gcc.h ****   #define __has_builtin(x) (0)
  37:Drivers/CMSIS/Include/cmsis_gcc.h **** #endif
  38:Drivers/CMSIS/Include/cmsis_gcc.h **** 
  39:Drivers/CMSIS/Include/cmsis_gcc.h **** /* CMSIS compiler specific defines */
  40:Drivers/CMSIS/Include/cmsis_gcc.h **** #ifndef   __ASM
  41:Drivers/CMSIS/Include/cmsis_gcc.h ****   #define __ASM                                  __asm
  42:Drivers/CMSIS/Include/cmsis_gcc.h **** #endif
  43:Drivers/CMSIS/Include/cmsis_gcc.h **** #ifndef   __INLINE
  44:Drivers/CMSIS/Include/cmsis_gcc.h ****   #define __INLINE                               inline
  45:Drivers/CMSIS/Include/cmsis_gcc.h **** #endif
  46:Drivers/CMSIS/Include/cmsis_gcc.h **** #ifndef   __STATIC_INLINE
  47:Drivers/CMSIS/Include/cmsis_gcc.h ****   #define __STATIC_INLINE                        static inline
  48:Drivers/CMSIS/Include/cmsis_gcc.h **** #endif
  49:Drivers/CMSIS/Include/cmsis_gcc.h **** #ifndef   __STATIC_FORCEINLINE                 
  50:Drivers/CMSIS/Include/cmsis_gcc.h ****   #define __STATIC_FORCEINLINE                   __attribute__((always_inline)) static inline
  51:Drivers/CMSIS/Include/cmsis_gcc.h **** #endif                                           
  52:Drivers/CMSIS/Include/cmsis_gcc.h **** #ifndef   __NO_RETURN
  53:Drivers/CMSIS/Include/cmsis_gcc.h ****   #define __NO_RETURN                            __attribute__((__noreturn__))
  54:Drivers/CMSIS/Include/cmsis_gcc.h **** #endif
  55:Drivers/CMSIS/Include/cmsis_gcc.h **** #ifndef   __USED
  56:Drivers/CMSIS/Include/cmsis_gcc.h ****   #define __USED                                 __attribute__((used))
  57:Drivers/CMSIS/Include/cmsis_gcc.h **** #endif
  58:Drivers/CMSIS/Include/cmsis_gcc.h **** #ifndef   __WEAK
  59:Drivers/CMSIS/Include/cmsis_gcc.h ****   #define __WEAK                                 __attribute__((weak))
  60:Drivers/CMSIS/Include/cmsis_gcc.h **** #endif
  61:Drivers/CMSIS/Include/cmsis_gcc.h **** #ifndef   __PACKED
  62:Drivers/CMSIS/Include/cmsis_gcc.h ****   #define __PACKED                               __attribute__((packed, aligned(1)))
  63:Drivers/CMSIS/Include/cmsis_gcc.h **** #endif
  64:Drivers/CMSIS/Include/cmsis_gcc.h **** #ifndef   __PACKED_STRUCT
  65:Drivers/CMSIS/Include/cmsis_gcc.h ****   #define __PACKED_STRUCT                        struct __attribute__((packed, aligned(1)))
  66:Drivers/CMSIS/Include/cmsis_gcc.h **** #endif
  67:Drivers/CMSIS/Include/cmsis_gcc.h **** #ifndef   __PACKED_UNION
  68:Drivers/CMSIS/Include/cmsis_gcc.h ****   #define __PACKED_UNION                         union __attribute__((packed, aligned(1)))
  69:Drivers/CMSIS/Include/cmsis_gcc.h **** #endif
  70:Drivers/CMSIS/Include/cmsis_gcc.h **** #ifndef   __UNALIGNED_UINT32        /* deprecated */
  71:Drivers/CMSIS/Include/cmsis_gcc.h ****   #pragma GCC diagnostic push
  72:Drivers/CMSIS/Include/cmsis_gcc.h ****   #pragma GCC diagnostic ignored "-Wpacked"
  73:Drivers/CMSIS/Include/cmsis_gcc.h ****   #pragma GCC diagnostic ignored "-Wattributes"
  74:Drivers/CMSIS/Include/cmsis_gcc.h ****   struct __attribute__((packed)) T_UINT32 { uint32_t v; };
  75:Drivers/CMSIS/Include/cmsis_gcc.h ****   #pragma GCC diagnostic pop
ARM GAS  C:\Users\User1\AppData\Local\Temp\cci24Qbi.s 			page 7


  76:Drivers/CMSIS/Include/cmsis_gcc.h ****   #define __UNALIGNED_UINT32(x)                  (((struct T_UINT32 *)(x))->v)
  77:Drivers/CMSIS/Include/cmsis_gcc.h **** #endif
  78:Drivers/CMSIS/Include/cmsis_gcc.h **** #ifndef   __UNALIGNED_UINT16_WRITE
  79:Drivers/CMSIS/Include/cmsis_gcc.h ****   #pragma GCC diagnostic push
  80:Drivers/CMSIS/Include/cmsis_gcc.h ****   #pragma GCC diagnostic ignored "-Wpacked"
  81:Drivers/CMSIS/Include/cmsis_gcc.h ****   #pragma GCC diagnostic ignored "-Wattributes"
  82:Drivers/CMSIS/Include/cmsis_gcc.h ****   __PACKED_STRUCT T_UINT16_WRITE { uint16_t v; };
  83:Drivers/CMSIS/Include/cmsis_gcc.h ****   #pragma GCC diagnostic pop
  84:Drivers/CMSIS/Include/cmsis_gcc.h ****   #define __UNALIGNED_UINT16_WRITE(addr, val)    (void)((((struct T_UINT16_WRITE *)(void *)(addr))-
  85:Drivers/CMSIS/Include/cmsis_gcc.h **** #endif
  86:Drivers/CMSIS/Include/cmsis_gcc.h **** #ifndef   __UNALIGNED_UINT16_READ
  87:Drivers/CMSIS/Include/cmsis_gcc.h ****   #pragma GCC diagnostic push
  88:Drivers/CMSIS/Include/cmsis_gcc.h ****   #pragma GCC diagnostic ignored "-Wpacked"
  89:Drivers/CMSIS/Include/cmsis_gcc.h ****   #pragma GCC diagnostic ignored "-Wattributes"
  90:Drivers/CMSIS/Include/cmsis_gcc.h ****   __PACKED_STRUCT T_UINT16_READ { uint16_t v; };
  91:Drivers/CMSIS/Include/cmsis_gcc.h ****   #pragma GCC diagnostic pop
  92:Drivers/CMSIS/Include/cmsis_gcc.h ****   #define __UNALIGNED_UINT16_READ(addr)          (((const struct T_UINT16_READ *)(const void *)(add
  93:Drivers/CMSIS/Include/cmsis_gcc.h **** #endif
  94:Drivers/CMSIS/Include/cmsis_gcc.h **** #ifndef   __UNALIGNED_UINT32_WRITE
  95:Drivers/CMSIS/Include/cmsis_gcc.h ****   #pragma GCC diagnostic push
  96:Drivers/CMSIS/Include/cmsis_gcc.h ****   #pragma GCC diagnostic ignored "-Wpacked"
  97:Drivers/CMSIS/Include/cmsis_gcc.h ****   #pragma GCC diagnostic ignored "-Wattributes"
  98:Drivers/CMSIS/Include/cmsis_gcc.h ****   __PACKED_STRUCT T_UINT32_WRITE { uint32_t v; };
  99:Drivers/CMSIS/Include/cmsis_gcc.h ****   #pragma GCC diagnostic pop
 100:Drivers/CMSIS/Include/cmsis_gcc.h ****   #define __UNALIGNED_UINT32_WRITE(addr, val)    (void)((((struct T_UINT32_WRITE *)(void *)(addr))-
 101:Drivers/CMSIS/Include/cmsis_gcc.h **** #endif
 102:Drivers/CMSIS/Include/cmsis_gcc.h **** #ifndef   __UNALIGNED_UINT32_READ
 103:Drivers/CMSIS/Include/cmsis_gcc.h ****   #pragma GCC diagnostic push
 104:Drivers/CMSIS/Include/cmsis_gcc.h ****   #pragma GCC diagnostic ignored "-Wpacked"
 105:Drivers/CMSIS/Include/cmsis_gcc.h ****   #pragma GCC diagnostic ignored "-Wattributes"
 106:Drivers/CMSIS/Include/cmsis_gcc.h ****   __PACKED_STRUCT T_UINT32_READ { uint32_t v; };
 107:Drivers/CMSIS/Include/cmsis_gcc.h ****   #pragma GCC diagnostic pop
 108:Drivers/CMSIS/Include/cmsis_gcc.h ****   #define __UNALIGNED_UINT32_READ(addr)          (((const struct T_UINT32_READ *)(const void *)(add
 109:Drivers/CMSIS/Include/cmsis_gcc.h **** #endif
 110:Drivers/CMSIS/Include/cmsis_gcc.h **** #ifndef   __ALIGNED
 111:Drivers/CMSIS/Include/cmsis_gcc.h ****   #define __ALIGNED(x)                           __attribute__((aligned(x)))
 112:Drivers/CMSIS/Include/cmsis_gcc.h **** #endif
 113:Drivers/CMSIS/Include/cmsis_gcc.h **** #ifndef   __RESTRICT
 114:Drivers/CMSIS/Include/cmsis_gcc.h ****   #define __RESTRICT                             __restrict
 115:Drivers/CMSIS/Include/cmsis_gcc.h **** #endif
 116:Drivers/CMSIS/Include/cmsis_gcc.h **** 
 117:Drivers/CMSIS/Include/cmsis_gcc.h **** 
 118:Drivers/CMSIS/Include/cmsis_gcc.h **** /* ###########################  Core Function Access  ########################### */
 119:Drivers/CMSIS/Include/cmsis_gcc.h **** /** \ingroup  CMSIS_Core_FunctionInterface
 120:Drivers/CMSIS/Include/cmsis_gcc.h ****     \defgroup CMSIS_Core_RegAccFunctions CMSIS Core Register Access Functions
 121:Drivers/CMSIS/Include/cmsis_gcc.h ****   @{
 122:Drivers/CMSIS/Include/cmsis_gcc.h ****  */
 123:Drivers/CMSIS/Include/cmsis_gcc.h **** 
 124:Drivers/CMSIS/Include/cmsis_gcc.h **** /**
 125:Drivers/CMSIS/Include/cmsis_gcc.h ****   \brief   Enable IRQ Interrupts
 126:Drivers/CMSIS/Include/cmsis_gcc.h ****   \details Enables IRQ interrupts by clearing the I-bit in the CPSR.
 127:Drivers/CMSIS/Include/cmsis_gcc.h ****            Can only be executed in Privileged modes.
 128:Drivers/CMSIS/Include/cmsis_gcc.h ****  */
 129:Drivers/CMSIS/Include/cmsis_gcc.h **** __STATIC_FORCEINLINE void __enable_irq(void)
 130:Drivers/CMSIS/Include/cmsis_gcc.h **** {
 131:Drivers/CMSIS/Include/cmsis_gcc.h ****   __ASM volatile ("cpsie i" : : : "memory");
 132:Drivers/CMSIS/Include/cmsis_gcc.h **** }
ARM GAS  C:\Users\User1\AppData\Local\Temp\cci24Qbi.s 			page 8


 133:Drivers/CMSIS/Include/cmsis_gcc.h **** 
 134:Drivers/CMSIS/Include/cmsis_gcc.h **** 
 135:Drivers/CMSIS/Include/cmsis_gcc.h **** /**
 136:Drivers/CMSIS/Include/cmsis_gcc.h ****   \brief   Disable IRQ Interrupts
 137:Drivers/CMSIS/Include/cmsis_gcc.h ****   \details Disables IRQ interrupts by setting the I-bit in the CPSR.
 138:Drivers/CMSIS/Include/cmsis_gcc.h ****            Can only be executed in Privileged modes.
 139:Drivers/CMSIS/Include/cmsis_gcc.h ****  */
 140:Drivers/CMSIS/Include/cmsis_gcc.h **** __STATIC_FORCEINLINE void __disable_irq(void)
  84              		.loc 2 140 27 view .LVU10
  85              	.LBB5:
 141:Drivers/CMSIS/Include/cmsis_gcc.h **** {
 142:Drivers/CMSIS/Include/cmsis_gcc.h ****   __ASM volatile ("cpsid i" : : : "memory");
  86              		.loc 2 142 3 view .LVU11
  87              		.syntax unified
  88              	@ 142 "Drivers/CMSIS/Include/cmsis_gcc.h" 1
  89 0000 72B6     		cpsid i
  90              	@ 0 "" 2
  91              		.thumb
  92              		.syntax unified
  93              	.L8:
  94              	.LBE5:
  95              	.LBE4:
 187:Core/Src/main.c ****   while (1)
  96              		.loc 1 187 3 discriminator 1 view .LVU12
 188:Core/Src/main.c ****   {
 189:Core/Src/main.c ****   }
  97              		.loc 1 189 3 discriminator 1 view .LVU13
 187:Core/Src/main.c ****   while (1)
  98              		.loc 1 187 9 discriminator 1 view .LVU14
  99 0002 FEE7     		b	.L8
 100              		.cfi_endproc
 101              	.LFE141:
 103              		.section	.text.SystemClock_Config,"ax",%progbits
 104              		.align	1
 105              		.global	SystemClock_Config
 106              		.syntax unified
 107              		.thumb
 108              		.thumb_func
 110              	SystemClock_Config:
 111              	.LFB139:
 111:Core/Src/main.c ****   RCC_OscInitTypeDef RCC_OscInitStruct = {0};
 112              		.loc 1 111 1 view -0
 113              		.cfi_startproc
 114              		@ args = 0, pretend = 0, frame = 80
 115              		@ frame_needed = 0, uses_anonymous_args = 0
 116 0000 00B5     		push	{lr}
 117              	.LCFI1:
 118              		.cfi_def_cfa_offset 4
 119              		.cfi_offset 14, -4
 120 0002 95B0     		sub	sp, sp, #84
 121              	.LCFI2:
 122              		.cfi_def_cfa_offset 88
 112:Core/Src/main.c ****   RCC_ClkInitTypeDef RCC_ClkInitStruct = {0};
 123              		.loc 1 112 3 view .LVU16
 112:Core/Src/main.c ****   RCC_ClkInitTypeDef RCC_ClkInitStruct = {0};
 124              		.loc 1 112 22 is_stmt 0 view .LVU17
 125 0004 3422     		movs	r2, #52
ARM GAS  C:\Users\User1\AppData\Local\Temp\cci24Qbi.s 			page 9


 126 0006 0021     		movs	r1, #0
 127 0008 07A8     		add	r0, sp, #28
 128 000a FFF7FEFF 		bl	memset
 129              	.LVL4:
 113:Core/Src/main.c **** 
 130              		.loc 1 113 3 is_stmt 1 view .LVU18
 113:Core/Src/main.c **** 
 131              		.loc 1 113 22 is_stmt 0 view .LVU19
 132 000e 0023     		movs	r3, #0
 133 0010 0293     		str	r3, [sp, #8]
 134 0012 0393     		str	r3, [sp, #12]
 135 0014 0493     		str	r3, [sp, #16]
 136 0016 0593     		str	r3, [sp, #20]
 137 0018 0693     		str	r3, [sp, #24]
 117:Core/Src/main.c ****   __HAL_PWR_VOLTAGESCALING_CONFIG(PWR_REGULATOR_VOLTAGE_SCALE3);
 138              		.loc 1 117 3 is_stmt 1 view .LVU20
 139              	.LBB6:
 117:Core/Src/main.c ****   __HAL_PWR_VOLTAGESCALING_CONFIG(PWR_REGULATOR_VOLTAGE_SCALE3);
 140              		.loc 1 117 3 view .LVU21
 141 001a 0093     		str	r3, [sp]
 117:Core/Src/main.c ****   __HAL_PWR_VOLTAGESCALING_CONFIG(PWR_REGULATOR_VOLTAGE_SCALE3);
 142              		.loc 1 117 3 view .LVU22
 143 001c 1F4A     		ldr	r2, .L15
 144 001e 116C     		ldr	r1, [r2, #64]
 145 0020 41F08051 		orr	r1, r1, #268435456
 146 0024 1164     		str	r1, [r2, #64]
 117:Core/Src/main.c ****   __HAL_PWR_VOLTAGESCALING_CONFIG(PWR_REGULATOR_VOLTAGE_SCALE3);
 147              		.loc 1 117 3 view .LVU23
 148 0026 126C     		ldr	r2, [r2, #64]
 149 0028 02F08052 		and	r2, r2, #268435456
 150 002c 0092     		str	r2, [sp]
 117:Core/Src/main.c ****   __HAL_PWR_VOLTAGESCALING_CONFIG(PWR_REGULATOR_VOLTAGE_SCALE3);
 151              		.loc 1 117 3 view .LVU24
 152 002e 009A     		ldr	r2, [sp]
 153              	.LBE6:
 117:Core/Src/main.c ****   __HAL_PWR_VOLTAGESCALING_CONFIG(PWR_REGULATOR_VOLTAGE_SCALE3);
 154              		.loc 1 117 3 view .LVU25
 118:Core/Src/main.c **** 
 155              		.loc 1 118 3 view .LVU26
 156              	.LBB7:
 118:Core/Src/main.c **** 
 157              		.loc 1 118 3 view .LVU27
 158 0030 0193     		str	r3, [sp, #4]
 118:Core/Src/main.c **** 
 159              		.loc 1 118 3 view .LVU28
 160 0032 1B49     		ldr	r1, .L15+4
 161 0034 0A68     		ldr	r2, [r1]
 162 0036 22F44042 		bic	r2, r2, #49152
 163 003a 42F48042 		orr	r2, r2, #16384
 164 003e 0A60     		str	r2, [r1]
 118:Core/Src/main.c **** 
 165              		.loc 1 118 3 view .LVU29
 166 0040 0A68     		ldr	r2, [r1]
 167 0042 02F44042 		and	r2, r2, #49152
 168 0046 0192     		str	r2, [sp, #4]
 118:Core/Src/main.c **** 
 169              		.loc 1 118 3 view .LVU30
ARM GAS  C:\Users\User1\AppData\Local\Temp\cci24Qbi.s 			page 10


 170 0048 019A     		ldr	r2, [sp, #4]
 171              	.LBE7:
 118:Core/Src/main.c **** 
 172              		.loc 1 118 3 view .LVU31
 123:Core/Src/main.c ****   RCC_OscInitStruct.HSIState = RCC_HSI_ON;
 173              		.loc 1 123 3 view .LVU32
 123:Core/Src/main.c ****   RCC_OscInitStruct.HSIState = RCC_HSI_ON;
 174              		.loc 1 123 36 is_stmt 0 view .LVU33
 175 004a 0222     		movs	r2, #2
 176 004c 0792     		str	r2, [sp, #28]
 124:Core/Src/main.c ****   RCC_OscInitStruct.HSICalibrationValue = RCC_HSICALIBRATION_DEFAULT;
 177              		.loc 1 124 3 is_stmt 1 view .LVU34
 124:Core/Src/main.c ****   RCC_OscInitStruct.HSICalibrationValue = RCC_HSICALIBRATION_DEFAULT;
 178              		.loc 1 124 30 is_stmt 0 view .LVU35
 179 004e 0121     		movs	r1, #1
 180 0050 0A91     		str	r1, [sp, #40]
 125:Core/Src/main.c ****   RCC_OscInitStruct.PLL.PLLState = RCC_PLL_ON;
 181              		.loc 1 125 3 is_stmt 1 view .LVU36
 125:Core/Src/main.c ****   RCC_OscInitStruct.PLL.PLLState = RCC_PLL_ON;
 182              		.loc 1 125 41 is_stmt 0 view .LVU37
 183 0052 1021     		movs	r1, #16
 184 0054 0B91     		str	r1, [sp, #44]
 126:Core/Src/main.c ****   RCC_OscInitStruct.PLL.PLLSource = RCC_PLLSOURCE_HSI;
 185              		.loc 1 126 3 is_stmt 1 view .LVU38
 126:Core/Src/main.c ****   RCC_OscInitStruct.PLL.PLLSource = RCC_PLLSOURCE_HSI;
 186              		.loc 1 126 34 is_stmt 0 view .LVU39
 187 0056 0D92     		str	r2, [sp, #52]
 127:Core/Src/main.c ****   RCC_OscInitStruct.PLL.PLLM = 16;
 188              		.loc 1 127 3 is_stmt 1 view .LVU40
 127:Core/Src/main.c ****   RCC_OscInitStruct.PLL.PLLM = 16;
 189              		.loc 1 127 35 is_stmt 0 view .LVU41
 190 0058 0E93     		str	r3, [sp, #56]
 128:Core/Src/main.c ****   RCC_OscInitStruct.PLL.PLLN = 336;
 191              		.loc 1 128 3 is_stmt 1 view .LVU42
 128:Core/Src/main.c ****   RCC_OscInitStruct.PLL.PLLN = 336;
 192              		.loc 1 128 30 is_stmt 0 view .LVU43
 193 005a 0F91     		str	r1, [sp, #60]
 129:Core/Src/main.c ****   RCC_OscInitStruct.PLL.PLLP = RCC_PLLP_DIV4;
 194              		.loc 1 129 3 is_stmt 1 view .LVU44
 129:Core/Src/main.c ****   RCC_OscInitStruct.PLL.PLLP = RCC_PLLP_DIV4;
 195              		.loc 1 129 30 is_stmt 0 view .LVU45
 196 005c 4FF4A873 		mov	r3, #336
 197 0060 1093     		str	r3, [sp, #64]
 130:Core/Src/main.c ****   RCC_OscInitStruct.PLL.PLLQ = 2;
 198              		.loc 1 130 3 is_stmt 1 view .LVU46
 130:Core/Src/main.c ****   RCC_OscInitStruct.PLL.PLLQ = 2;
 199              		.loc 1 130 30 is_stmt 0 view .LVU47
 200 0062 0423     		movs	r3, #4
 201 0064 1193     		str	r3, [sp, #68]
 131:Core/Src/main.c ****   RCC_OscInitStruct.PLL.PLLR = 2;
 202              		.loc 1 131 3 is_stmt 1 view .LVU48
 131:Core/Src/main.c ****   RCC_OscInitStruct.PLL.PLLR = 2;
 203              		.loc 1 131 30 is_stmt 0 view .LVU49
 204 0066 1292     		str	r2, [sp, #72]
 132:Core/Src/main.c ****   if (HAL_RCC_OscConfig(&RCC_OscInitStruct) != HAL_OK)
 205              		.loc 1 132 3 is_stmt 1 view .LVU50
 132:Core/Src/main.c ****   if (HAL_RCC_OscConfig(&RCC_OscInitStruct) != HAL_OK)
ARM GAS  C:\Users\User1\AppData\Local\Temp\cci24Qbi.s 			page 11


 206              		.loc 1 132 30 is_stmt 0 view .LVU51
 207 0068 1392     		str	r2, [sp, #76]
 133:Core/Src/main.c ****   {
 208              		.loc 1 133 3 is_stmt 1 view .LVU52
 133:Core/Src/main.c ****   {
 209              		.loc 1 133 7 is_stmt 0 view .LVU53
 210 006a 07A8     		add	r0, sp, #28
 211 006c FFF7FEFF 		bl	HAL_RCC_OscConfig
 212              	.LVL5:
 133:Core/Src/main.c ****   {
 213              		.loc 1 133 6 view .LVU54
 214 0070 80B9     		cbnz	r0, .L13
 140:Core/Src/main.c ****                               |RCC_CLOCKTYPE_PCLK1|RCC_CLOCKTYPE_PCLK2;
 215              		.loc 1 140 3 is_stmt 1 view .LVU55
 140:Core/Src/main.c ****                               |RCC_CLOCKTYPE_PCLK1|RCC_CLOCKTYPE_PCLK2;
 216              		.loc 1 140 31 is_stmt 0 view .LVU56
 217 0072 0F23     		movs	r3, #15
 218 0074 0293     		str	r3, [sp, #8]
 142:Core/Src/main.c ****   RCC_ClkInitStruct.AHBCLKDivider = RCC_SYSCLK_DIV1;
 219              		.loc 1 142 3 is_stmt 1 view .LVU57
 142:Core/Src/main.c ****   RCC_ClkInitStruct.AHBCLKDivider = RCC_SYSCLK_DIV1;
 220              		.loc 1 142 34 is_stmt 0 view .LVU58
 221 0076 0221     		movs	r1, #2
 222 0078 0391     		str	r1, [sp, #12]
 143:Core/Src/main.c ****   RCC_ClkInitStruct.APB1CLKDivider = RCC_HCLK_DIV2;
 223              		.loc 1 143 3 is_stmt 1 view .LVU59
 143:Core/Src/main.c ****   RCC_ClkInitStruct.APB1CLKDivider = RCC_HCLK_DIV2;
 224              		.loc 1 143 35 is_stmt 0 view .LVU60
 225 007a 0023     		movs	r3, #0
 226 007c 0493     		str	r3, [sp, #16]
 144:Core/Src/main.c ****   RCC_ClkInitStruct.APB2CLKDivider = RCC_HCLK_DIV1;
 227              		.loc 1 144 3 is_stmt 1 view .LVU61
 144:Core/Src/main.c ****   RCC_ClkInitStruct.APB2CLKDivider = RCC_HCLK_DIV1;
 228              		.loc 1 144 36 is_stmt 0 view .LVU62
 229 007e 4FF48052 		mov	r2, #4096
 230 0082 0592     		str	r2, [sp, #20]
 145:Core/Src/main.c **** 
 231              		.loc 1 145 3 is_stmt 1 view .LVU63
 145:Core/Src/main.c **** 
 232              		.loc 1 145 36 is_stmt 0 view .LVU64
 233 0084 0693     		str	r3, [sp, #24]
 147:Core/Src/main.c ****   {
 234              		.loc 1 147 3 is_stmt 1 view .LVU65
 147:Core/Src/main.c ****   {
 235              		.loc 1 147 7 is_stmt 0 view .LVU66
 236 0086 02A8     		add	r0, sp, #8
 237 0088 FFF7FEFF 		bl	HAL_RCC_ClockConfig
 238              	.LVL6:
 147:Core/Src/main.c ****   {
 239              		.loc 1 147 6 view .LVU67
 240 008c 20B9     		cbnz	r0, .L14
 151:Core/Src/main.c **** 
 241              		.loc 1 151 1 view .LVU68
 242 008e 15B0     		add	sp, sp, #84
 243              	.LCFI3:
 244              		.cfi_remember_state
 245              		.cfi_def_cfa_offset 4
ARM GAS  C:\Users\User1\AppData\Local\Temp\cci24Qbi.s 			page 12


 246              		@ sp needed
 247 0090 5DF804FB 		ldr	pc, [sp], #4
 248              	.L13:
 249              	.LCFI4:
 250              		.cfi_restore_state
 135:Core/Src/main.c ****   }
 251              		.loc 1 135 5 is_stmt 1 view .LVU69
 252 0094 FFF7FEFF 		bl	Error_Handler
 253              	.LVL7:
 254              	.L14:
 149:Core/Src/main.c ****   }
 255              		.loc 1 149 5 view .LVU70
 256 0098 FFF7FEFF 		bl	Error_Handler
 257              	.LVL8:
 258              	.L16:
 259              		.align	2
 260              	.L15:
 261 009c 00380240 		.word	1073887232
 262 00a0 00700040 		.word	1073770496
 263              		.cfi_endproc
 264              	.LFE139:
 266              		.section	.text.main,"ax",%progbits
 267              		.align	1
 268              		.global	main
 269              		.syntax unified
 270              		.thumb
 271              		.thumb_func
 273              	main:
 274              	.LFB138:
  65:Core/Src/main.c ****   /* USER CODE BEGIN 1 */
 275              		.loc 1 65 1 view -0
 276              		.cfi_startproc
 277              		@ Volatile: function does not return.
 278              		@ args = 0, pretend = 0, frame = 0
 279              		@ frame_needed = 0, uses_anonymous_args = 0
 280 0000 08B5     		push	{r3, lr}
 281              	.LCFI5:
 282              		.cfi_def_cfa_offset 8
 283              		.cfi_offset 3, -8
 284              		.cfi_offset 14, -4
  73:Core/Src/main.c **** 
 285              		.loc 1 73 3 view .LVU72
 286 0002 FFF7FEFF 		bl	HAL_Init
 287              	.LVL9:
  80:Core/Src/main.c **** 
 288              		.loc 1 80 3 view .LVU73
 289 0006 FFF7FEFF 		bl	SystemClock_Config
 290              	.LVL10:
  87:Core/Src/main.c ****   /* USER CODE BEGIN 2 */
 291              		.loc 1 87 3 view .LVU74
 292 000a FFF7FEFF 		bl	MX_GPIO_Init
 293              	.LVL11:
  92:Core/Src/main.c **** 
 294              		.loc 1 92 3 view .LVU75
 295 000e FFF7FEFF 		bl	MX_ThreadX_Init
 296              	.LVL12:
 297              	.L18:
ARM GAS  C:\Users\User1\AppData\Local\Temp\cci24Qbi.s 			page 13


  97:Core/Src/main.c ****   {
 298              		.loc 1 97 3 discriminator 1 view .LVU76
 102:Core/Src/main.c ****   /* USER CODE END 3 */
 299              		.loc 1 102 3 discriminator 1 view .LVU77
  97:Core/Src/main.c ****   {
 300              		.loc 1 97 9 discriminator 1 view .LVU78
 301 0012 FEE7     		b	.L18
 302              		.cfi_endproc
 303              	.LFE138:
 305              		.text
 306              	.Letext0:
 307              		.file 3 "c:\\program files (x86)\\gnu arm embedded toolchain\\10 2021.10\\arm-none-eabi\\include\\
 308              		.file 4 "c:\\program files (x86)\\gnu arm embedded toolchain\\10 2021.10\\arm-none-eabi\\include\\
 309              		.file 5 "Drivers/CMSIS/Device/ST/STM32F4xx/Include/stm32f446xx.h"
 310              		.file 6 "Drivers/STM32F4xx_HAL_Driver/Inc/stm32f4xx_hal_def.h"
 311              		.file 7 "Drivers/STM32F4xx_HAL_Driver/Inc/stm32f4xx_hal_rcc_ex.h"
 312              		.file 8 "Drivers/STM32F4xx_HAL_Driver/Inc/stm32f4xx_hal_rcc.h"
 313              		.file 9 "Drivers/STM32F4xx_HAL_Driver/Inc/stm32f4xx_hal_dma.h"
 314              		.file 10 "Drivers/STM32F4xx_HAL_Driver/Inc/stm32f4xx_hal_tim.h"
 315              		.file 11 "Drivers/STM32F4xx_HAL_Driver/Inc/stm32f4xx_hal.h"
 316              		.file 12 "Core/Inc/gpio.h"
 317              		.file 13 "Core/Inc/app_threadx.h"
 318              		.file 14 "<built-in>"
ARM GAS  C:\Users\User1\AppData\Local\Temp\cci24Qbi.s 			page 14


DEFINED SYMBOLS
                            *ABS*:00000000 main.c
C:\Users\User1\AppData\Local\Temp\cci24Qbi.s:20     .text.HAL_TIM_PeriodElapsedCallback:00000000 $t
C:\Users\User1\AppData\Local\Temp\cci24Qbi.s:26     .text.HAL_TIM_PeriodElapsedCallback:00000000 HAL_TIM_PeriodElapsedCallback
C:\Users\User1\AppData\Local\Temp\cci24Qbi.s:61     .text.HAL_TIM_PeriodElapsedCallback:00000014 $d
C:\Users\User1\AppData\Local\Temp\cci24Qbi.s:66     .text.Error_Handler:00000000 $t
C:\Users\User1\AppData\Local\Temp\cci24Qbi.s:72     .text.Error_Handler:00000000 Error_Handler
C:\Users\User1\AppData\Local\Temp\cci24Qbi.s:104    .text.SystemClock_Config:00000000 $t
C:\Users\User1\AppData\Local\Temp\cci24Qbi.s:110    .text.SystemClock_Config:00000000 SystemClock_Config
C:\Users\User1\AppData\Local\Temp\cci24Qbi.s:261    .text.SystemClock_Config:0000009c $d
C:\Users\User1\AppData\Local\Temp\cci24Qbi.s:267    .text.main:00000000 $t
C:\Users\User1\AppData\Local\Temp\cci24Qbi.s:273    .text.main:00000000 main

UNDEFINED SYMBOLS
HAL_IncTick
memset
HAL_RCC_OscConfig
HAL_RCC_ClockConfig
HAL_Init
MX_GPIO_Init
MX_ThreadX_Init
